{"C:\\Users\\fabia\\OneDrive - UVG\\Documentos\\GitHub\\safechain-messenger\\frontend\\src\\App.jsx": {"path":"C:\\Users\\fabia\\OneDrive - UVG\\Documentos\\GitHub\\safechain-messenger\\frontend\\src\\App.jsx","statementMap":{"0":{"start":{"line":3,"column":12},"end":{"line":7,"column":1}},"1":{"start":{"line":4,"column":2},"end":{"line":6,"column":3}}},"fnMap":{"0":{"name":"(anonymous_0)","decl":{"start":{"line":3,"column":12},"end":{"line":3,"column":13}},"loc":{"start":{"line":3,"column":18},"end":{"line":7,"column":1}},"line":3}},"branchMap":{},"s":{"0":1,"1":2},"f":{"0":2},"b":{},"_coverageSchema":"1a1c01bbd47fc00a2c39e90264f33305004495a9","hash":"6373dba269ecc70511f19e2f1f97bdb4f41c3e5a"}
,"C:\\Users\\fabia\\OneDrive - UVG\\Documentos\\GitHub\\safechain-messenger\\frontend\\src\\components\\AppRouter.jsx": {"path":"C:\\Users\\fabia\\OneDrive - UVG\\Documentos\\GitHub\\safechain-messenger\\frontend\\src\\components\\AppRouter.jsx","statementMap":{"0":{"start":{"line":13,"column":18},"end":{"line":37,"column":1}},"1":{"start":{"line":14,"column":2},"end":{"line":36,"column":3}}},"fnMap":{"0":{"name":"(anonymous_0)","decl":{"start":{"line":13,"column":18},"end":{"line":13,"column":19}},"loc":{"start":{"line":13,"column":24},"end":{"line":37,"column":1}},"line":13}},"branchMap":{},"s":{"0":1,"1":1},"f":{"0":1},"b":{},"_coverageSchema":"1a1c01bbd47fc00a2c39e90264f33305004495a9","hash":"de49b6dd08f406ce6478c600bce3ad4cbe20e227"}
,"C:\\Users\\fabia\\OneDrive - UVG\\Documentos\\GitHub\\safechain-messenger\\frontend\\src\\components\\app-sider.tsx": {"path":"C:\\Users\\fabia\\OneDrive - UVG\\Documentos\\GitHub\\safechain-messenger\\frontend\\src\\components\\app-sider.tsx","statementMap":{"0":{"start":{"line":11,"column":2},"end":{"line":20,"column":3}}},"fnMap":{"0":{"name":"AppSidebar","decl":{"start":{"line":10,"column":16},"end":{"line":10,"column":26}},"loc":{"start":{"line":10,"column":29},"end":{"line":21,"column":1}},"line":10}},"branchMap":{},"s":{"0":1},"f":{"0":1},"b":{},"_coverageSchema":"1a1c01bbd47fc00a2c39e90264f33305004495a9","hash":"1a930bdb139c86854ff072a98c76601208df3f72"}
,"C:\\Users\\fabia\\OneDrive - UVG\\Documentos\\GitHub\\safechain-messenger\\frontend\\src\\components\\ui\\button.tsx": {"path":"C:\\Users\\fabia\\OneDrive - UVG\\Documentos\\GitHub\\safechain-messenger\\frontend\\src\\components\\ui\\button.tsx","statementMap":{"0":{"start":{"line":7,"column":23},"end":{"line":36,"column":1}},"1":{"start":{"line":48,"column":15},"end":{"line":48,"column":40}},"2":{"start":{"line":50,"column":2},"end":{"line":56,"column":3}}},"fnMap":{"0":{"name":"Button","decl":{"start":{"line":38,"column":9},"end":{"line":38,"column":15}},"loc":{"start":{"line":47,"column":5},"end":{"line":57,"column":1}},"line":47}},"branchMap":{"0":{"loc":{"start":{"line":42,"column":2},"end":{"line":42,"column":17}},"type":"default-arg","locations":[{"start":{"line":42,"column":12},"end":{"line":42,"column":17}}],"line":42},"1":{"loc":{"start":{"line":48,"column":15},"end":{"line":48,"column":40}},"type":"cond-expr","locations":[{"start":{"line":48,"column":25},"end":{"line":48,"column":29}},{"start":{"line":48,"column":32},"end":{"line":48,"column":40}}],"line":48}},"s":{"0":1,"1":0,"2":0},"f":{"0":0},"b":{"0":[0],"1":[0,0]},"_coverageSchema":"1a1c01bbd47fc00a2c39e90264f33305004495a9","hash":"4e5d89404f308d915933ef6960ae02facdfa9833"}
,"C:\\Users\\fabia\\OneDrive - UVG\\Documentos\\GitHub\\safechain-messenger\\frontend\\src\\components\\ui\\input.tsx": {"path":"C:\\Users\\fabia\\OneDrive - UVG\\Documentos\\GitHub\\safechain-messenger\\frontend\\src\\components\\ui\\input.tsx","statementMap":{"0":{"start":{"line":6,"column":2},"end":{"line":18,"column":3}}},"fnMap":{"0":{"name":"Input","decl":{"start":{"line":5,"column":9},"end":{"line":5,"column":14}},"loc":{"start":{"line":5,"column":77},"end":{"line":19,"column":1}},"line":5}},"branchMap":{},"s":{"0":0},"f":{"0":0},"b":{},"_coverageSchema":"1a1c01bbd47fc00a2c39e90264f33305004495a9","hash":"a9af8797d3ee0b982c9dd4ce18b7c6d839e47f5a"}
,"C:\\Users\\fabia\\OneDrive - UVG\\Documentos\\GitHub\\safechain-messenger\\frontend\\src\\components\\ui\\separator.tsx": {"path":"C:\\Users\\fabia\\OneDrive - UVG\\Documentos\\GitHub\\safechain-messenger\\frontend\\src\\components\\ui\\separator.tsx","statementMap":{"0":{"start":{"line":14,"column":2},"end":{"line":25,"column":3}}},"fnMap":{"0":{"name":"Separator","decl":{"start":{"line":8,"column":9},"end":{"line":8,"column":18}},"loc":{"start":{"line":13,"column":57},"end":{"line":26,"column":1}},"line":13}},"branchMap":{"0":{"loc":{"start":{"line":10,"column":2},"end":{"line":10,"column":28}},"type":"default-arg","locations":[{"start":{"line":10,"column":16},"end":{"line":10,"column":28}}],"line":10},"1":{"loc":{"start":{"line":11,"column":2},"end":{"line":11,"column":19}},"type":"default-arg","locations":[{"start":{"line":11,"column":15},"end":{"line":11,"column":19}}],"line":11}},"s":{"0":0},"f":{"0":0},"b":{"0":[0],"1":[0]},"_coverageSchema":"1a1c01bbd47fc00a2c39e90264f33305004495a9","hash":"57726aed80e3bae1f9acce518ef56a2d0d9706e6"}
,"C:\\Users\\fabia\\OneDrive - UVG\\Documentos\\GitHub\\safechain-messenger\\frontend\\src\\components\\ui\\sheet.tsx": {"path":"C:\\Users\\fabia\\OneDrive - UVG\\Documentos\\GitHub\\safechain-messenger\\frontend\\src\\components\\ui\\sheet.tsx","statementMap":{"0":{"start":{"line":8,"column":2},"end":{"line":8,"column":61}},"1":{"start":{"line":14,"column":2},"end":{"line":14,"column":72}},"2":{"start":{"line":20,"column":2},"end":{"line":20,"column":68}},"3":{"start":{"line":26,"column":2},"end":{"line":26,"column":70}},"4":{"start":{"line":33,"column":2},"end":{"line":42,"column":3}},"5":{"start":{"line":53,"column":2},"end":{"line":79,"column":3}},"6":{"start":{"line":83,"column":2},"end":{"line":89,"column":3}},"7":{"start":{"line":93,"column":2},"end":{"line":99,"column":3}},"8":{"start":{"line":106,"column":2},"end":{"line":112,"column":3}},"9":{"start":{"line":119,"column":2},"end":{"line":125,"column":3}}},"fnMap":{"0":{"name":"Sheet","decl":{"start":{"line":7,"column":9},"end":{"line":7,"column":14}},"loc":{"start":{"line":7,"column":79},"end":{"line":9,"column":1}},"line":7},"1":{"name":"SheetTrigger","decl":{"start":{"line":11,"column":9},"end":{"line":11,"column":21}},"loc":{"start":{"line":13,"column":56},"end":{"line":15,"column":1}},"line":13},"2":{"name":"SheetClose","decl":{"start":{"line":17,"column":9},"end":{"line":17,"column":19}},"loc":{"start":{"line":19,"column":54},"end":{"line":21,"column":1}},"line":19},"3":{"name":"SheetPortal","decl":{"start":{"line":23,"column":9},"end":{"line":23,"column":20}},"loc":{"start":{"line":25,"column":55},"end":{"line":27,"column":1}},"line":25},"4":{"name":"SheetOverlay","decl":{"start":{"line":29,"column":9},"end":{"line":29,"column":21}},"loc":{"start":{"line":32,"column":56},"end":{"line":43,"column":1}},"line":32},"5":{"name":"SheetContent","decl":{"start":{"line":45,"column":9},"end":{"line":45,"column":21}},"loc":{"start":{"line":52,"column":3},"end":{"line":80,"column":1}},"line":52},"6":{"name":"SheetHeader","decl":{"start":{"line":82,"column":9},"end":{"line":82,"column":20}},"loc":{"start":{"line":82,"column":75},"end":{"line":90,"column":1}},"line":82},"7":{"name":"SheetFooter","decl":{"start":{"line":92,"column":9},"end":{"line":92,"column":20}},"loc":{"start":{"line":92,"column":75},"end":{"line":100,"column":1}},"line":92},"8":{"name":"SheetTitle","decl":{"start":{"line":102,"column":9},"end":{"line":102,"column":19}},"loc":{"start":{"line":105,"column":54},"end":{"line":113,"column":1}},"line":105},"9":{"name":"SheetDescription","decl":{"start":{"line":115,"column":9},"end":{"line":115,"column":25}},"loc":{"start":{"line":118,"column":60},"end":{"line":126,"column":1}},"line":118}},"branchMap":{"0":{"loc":{"start":{"line":48,"column":2},"end":{"line":48,"column":16}},"type":"default-arg","locations":[{"start":{"line":48,"column":9},"end":{"line":48,"column":16}}],"line":48},"1":{"loc":{"start":{"line":60,"column":10},"end":{"line":61,"column":142}},"type":"binary-expr","locations":[{"start":{"line":60,"column":10},"end":{"line":60,"column":26}},{"start":{"line":61,"column":12},"end":{"line":61,"column":142}}],"line":60},"2":{"loc":{"start":{"line":62,"column":10},"end":{"line":63,"column":139}},"type":"binary-expr","locations":[{"start":{"line":62,"column":10},"end":{"line":62,"column":25}},{"start":{"line":63,"column":12},"end":{"line":63,"column":139}}],"line":62},"3":{"loc":{"start":{"line":64,"column":10},"end":{"line":65,"column":118}},"type":"binary-expr","locations":[{"start":{"line":64,"column":10},"end":{"line":64,"column":24}},{"start":{"line":65,"column":12},"end":{"line":65,"column":118}}],"line":64},"4":{"loc":{"start":{"line":66,"column":10},"end":{"line":67,"column":127}},"type":"binary-expr","locations":[{"start":{"line":66,"column":10},"end":{"line":66,"column":27}},{"start":{"line":67,"column":12},"end":{"line":67,"column":127}}],"line":66}},"s":{"0":0,"1":0,"2":0,"3":0,"4":0,"5":0,"6":0,"7":0,"8":0,"9":0},"f":{"0":0,"1":0,"2":0,"3":0,"4":0,"5":0,"6":0,"7":0,"8":0,"9":0},"b":{"0":[0],"1":[0,0],"2":[0,0],"3":[0,0],"4":[0,0]},"_coverageSchema":"1a1c01bbd47fc00a2c39e90264f33305004495a9","hash":"dd2c6db1ae40a099822d8ba3ff7680bf1e2bb1bc"}
,"C:\\Users\\fabia\\OneDrive - UVG\\Documentos\\GitHub\\safechain-messenger\\frontend\\src\\components\\ui\\sidebar.tsx": {"path":"C:\\Users\\fabia\\OneDrive - UVG\\Documentos\\GitHub\\safechain-messenger\\frontend\\src\\components\\ui\\sidebar.tsx","statementMap":{"0":{"start":{"line":26,"column":28},"end":{"line":26,"column":43}},"1":{"start":{"line":27,"column":31},"end":{"line":27,"column":47}},"2":{"start":{"line":28,"column":22},"end":{"line":28,"column":29}},"3":{"start":{"line":29,"column":29},"end":{"line":29,"column":36}},"4":{"start":{"line":30,"column":27},"end":{"line":30,"column":33}},"5":{"start":{"line":31,"column":34},"end":{"line":31,"column":37}},"6":{"start":{"line":43,"column":23},"end":{"line":43,"column":76}},"7":{"start":{"line":46,"column":18},"end":{"line":46,"column":50}},"8":{"start":{"line":47,"column":2},"end":{"line":49,"column":3}},"9":{"start":{"line":48,"column":4},"end":{"line":48,"column":72}},"10":{"start":{"line":51,"column":2},"end":{"line":51,"column":16}},"11":{"start":{"line":67,"column":19},"end":{"line":67,"column":32}},"12":{"start":{"line":68,"column":38},"end":{"line":68,"column":59}},"13":{"start":{"line":72,"column":28},"end":{"line":72,"column":55}},"14":{"start":{"line":73,"column":15},"end":{"line":73,"column":32}},"15":{"start":{"line":74,"column":18},"end":{"line":87,"column":3}},"16":{"start":{"line":76,"column":24},"end":{"line":76,"column":73}},"17":{"start":{"line":77,"column":6},"end":{"line":81,"column":7}},"18":{"start":{"line":78,"column":8},"end":{"line":78,"column":30}},"19":{"start":{"line":80,"column":8},"end":{"line":80,"column":27}},"20":{"start":{"line":84,"column":6},"end":{"line":84,"column":104}},"21":{"start":{"line":90,"column":24},"end":{"line":92,"column":40}},"22":{"start":{"line":91,"column":4},"end":{"line":91,"column":79}},"23":{"start":{"line":91,"column":46},"end":{"line":91,"column":51}},"24":{"start":{"line":91,"column":73},"end":{"line":91,"column":78}},"25":{"start":{"line":95,"column":2},"end":{"line":108,"column":21}},"26":{"start":{"line":96,"column":26},"end":{"line":104,"column":5}},"27":{"start":{"line":97,"column":6},"end":{"line":103,"column":7}},"28":{"start":{"line":101,"column":8},"end":{"line":101,"column":30}},"29":{"start":{"line":102,"column":8},"end":{"line":102,"column":23}},"30":{"start":{"line":106,"column":4},"end":{"line":106,"column":53}},"31":{"start":{"line":107,"column":4},"end":{"line":107,"column":69}},"32":{"start":{"line":107,"column":17},"end":{"line":107,"column":69}},"33":{"start":{"line":112,"column":16},"end":{"line":112,"column":47}},"34":{"start":{"line":114,"column":23},"end":{"line":125,"column":3}},"35":{"start":{"line":115,"column":11},"end":{"line":123,"column":5}},"36":{"start":{"line":127,"column":2},"end":{"line":149,"column":3}},"37":{"start":{"line":164,"column":57},"end":{"line":164,"column":69}},"38":{"start":{"line":166,"column":2},"end":{"line":179,"column":3}},"39":{"start":{"line":167,"column":4},"end":{"line":178,"column":5}},"40":{"start":{"line":181,"column":2},"end":{"line":204,"column":3}},"41":{"start":{"line":182,"column":4},"end":{"line":203,"column":5}},"42":{"start":{"line":206,"column":2},"end":{"line":251,"column":3}},"43":{"start":{"line":259,"column":28},"end":{"line":259,"column":40}},"44":{"start":{"line":261,"column":2},"end":{"line":277,"column":3}},"45":{"start":{"line":269,"column":8},"end":{"line":269,"column":24}},"46":{"start":{"line":270,"column":8},"end":{"line":270,"column":23}},"47":{"start":{"line":281,"column":28},"end":{"line":281,"column":40}},"48":{"start":{"line":283,"column":2},"end":{"line":302,"column":3}},"49":{"start":{"line":306,"column":2},"end":{"line":316,"column":3}},"50":{"start":{"line":323,"column":2},"end":{"line":330,"column":3}},"51":{"start":{"line":334,"column":2},"end":{"line":341,"column":3}},"52":{"start":{"line":345,"column":2},"end":{"line":352,"column":3}},"53":{"start":{"line":359,"column":2},"end":{"line":366,"column":3}},"54":{"start":{"line":370,"column":2},"end":{"line":380,"column":3}},"55":{"start":{"line":384,"column":2},"end":{"line":391,"column":3}},"56":{"start":{"line":399,"column":15},"end":{"line":399,"column":37}},"57":{"start":{"line":401,"column":2},"end":{"line":412,"column":3}},"58":{"start":{"line":420,"column":15},"end":{"line":420,"column":40}},"59":{"start":{"line":422,"column":2},"end":{"line":435,"column":3}},"60":{"start":{"line":442,"column":2},"end":{"line":449,"column":3}},"61":{"start":{"line":453,"column":2},"end":{"line":460,"column":3}},"62":{"start":{"line":464,"column":2},"end":{"line":471,"column":3}},"63":{"start":{"line":474,"column":34},"end":{"line":494,"column":1}},"64":{"start":{"line":509,"column":15},"end":{"line":509,"column":40}},"65":{"start":{"line":510,"column":30},"end":{"line":510,"column":42}},"66":{"start":{"line":513,"column":4},"end":{"line":520,"column":6}},"67":{"start":{"line":523,"column":2},"end":{"line":525,"column":3}},"68":{"start":{"line":524,"column":4},"end":{"line":524,"column":17}},"69":{"start":{"line":527,"column":2},"end":{"line":531,"column":3}},"70":{"start":{"line":528,"column":4},"end":{"line":530,"column":5}},"71":{"start":{"line":533,"column":2},"end":{"line":543,"column":3}},"72":{"start":{"line":555,"column":15},"end":{"line":555,"column":40}},"73":{"start":{"line":557,"column":2},"end":{"line":575,"column":3}},"74":{"start":{"line":582,"column":2},"end":{"line":597,"column":3}},"75":{"start":{"line":608,"column":16},"end":{"line":610,"column":8}},"76":{"start":{"line":609,"column":4},"end":{"line":609,"column":52}},"77":{"start":{"line":612,"column":2},"end":{"line":635,"column":3}},"78":{"start":{"line":639,"column":2},"end":{"line":650,"column":3}},"79":{"start":{"line":657,"column":2},"end":{"line":664,"column":3}},"80":{"start":{"line":678,"column":15},"end":{"line":678,"column":35}},"81":{"start":{"line":680,"column":2},"end":{"line":696,"column":3}}},"fnMap":{"0":{"name":"useSidebar","decl":{"start":{"line":45,"column":9},"end":{"line":45,"column":19}},"loc":{"start":{"line":45,"column":22},"end":{"line":52,"column":1}},"line":45},"1":{"name":"SidebarProvider","decl":{"start":{"line":54,"column":9},"end":{"line":54,"column":24}},"loc":{"start":{"line":66,"column":3},"end":{"line":150,"column":1}},"line":66},"2":{"name":"(anonymous_2)","decl":{"start":{"line":75,"column":4},"end":{"line":75,"column":5}},"loc":{"start":{"line":75,"column":56},"end":{"line":85,"column":5}},"line":75},"3":{"name":"(anonymous_3)","decl":{"start":{"line":90,"column":42},"end":{"line":90,"column":43}},"loc":{"start":{"line":90,"column":48},"end":{"line":92,"column":3}},"line":90},"4":{"name":"(anonymous_4)","decl":{"start":{"line":91,"column":36},"end":{"line":91,"column":37}},"loc":{"start":{"line":91,"column":46},"end":{"line":91,"column":51}},"line":91},"5":{"name":"(anonymous_5)","decl":{"start":{"line":91,"column":63},"end":{"line":91,"column":64}},"loc":{"start":{"line":91,"column":73},"end":{"line":91,"column":78}},"line":91},"6":{"name":"(anonymous_6)","decl":{"start":{"line":95,"column":18},"end":{"line":95,"column":19}},"loc":{"start":{"line":95,"column":24},"end":{"line":108,"column":3}},"line":95},"7":{"name":"(anonymous_7)","decl":{"start":{"line":96,"column":26},"end":{"line":96,"column":27}},"loc":{"start":{"line":96,"column":52},"end":{"line":104,"column":5}},"line":96},"8":{"name":"(anonymous_8)","decl":{"start":{"line":107,"column":11},"end":{"line":107,"column":12}},"loc":{"start":{"line":107,"column":17},"end":{"line":107,"column":69}},"line":107},"9":{"name":"(anonymous_9)","decl":{"start":{"line":115,"column":4},"end":{"line":115,"column":5}},"loc":{"start":{"line":115,"column":11},"end":{"line":123,"column":5}},"line":115},"10":{"name":"Sidebar","decl":{"start":{"line":152,"column":9},"end":{"line":152,"column":16}},"loc":{"start":{"line":163,"column":3},"end":{"line":252,"column":1}},"line":163},"11":{"name":"SidebarTrigger","decl":{"start":{"line":254,"column":9},"end":{"line":254,"column":23}},"loc":{"start":{"line":258,"column":40},"end":{"line":278,"column":1}},"line":258},"12":{"name":"(anonymous_12)","decl":{"start":{"line":268,"column":15},"end":{"line":268,"column":16}},"loc":{"start":{"line":268,"column":26},"end":{"line":271,"column":7}},"line":268},"13":{"name":"SidebarRail","decl":{"start":{"line":280,"column":9},"end":{"line":280,"column":20}},"loc":{"start":{"line":280,"column":78},"end":{"line":303,"column":1}},"line":280},"14":{"name":"SidebarInset","decl":{"start":{"line":305,"column":9},"end":{"line":305,"column":21}},"loc":{"start":{"line":305,"column":77},"end":{"line":317,"column":1}},"line":305},"15":{"name":"SidebarInput","decl":{"start":{"line":319,"column":9},"end":{"line":319,"column":21}},"loc":{"start":{"line":322,"column":39},"end":{"line":331,"column":1}},"line":322},"16":{"name":"SidebarHeader","decl":{"start":{"line":333,"column":9},"end":{"line":333,"column":22}},"loc":{"start":{"line":333,"column":77},"end":{"line":342,"column":1}},"line":333},"17":{"name":"SidebarFooter","decl":{"start":{"line":344,"column":9},"end":{"line":344,"column":22}},"loc":{"start":{"line":344,"column":77},"end":{"line":353,"column":1}},"line":344},"18":{"name":"SidebarSeparator","decl":{"start":{"line":355,"column":9},"end":{"line":355,"column":25}},"loc":{"start":{"line":358,"column":43},"end":{"line":367,"column":1}},"line":358},"19":{"name":"SidebarContent","decl":{"start":{"line":369,"column":9},"end":{"line":369,"column":23}},"loc":{"start":{"line":369,"column":78},"end":{"line":381,"column":1}},"line":369},"20":{"name":"SidebarGroup","decl":{"start":{"line":383,"column":9},"end":{"line":383,"column":21}},"loc":{"start":{"line":383,"column":76},"end":{"line":392,"column":1}},"line":383},"21":{"name":"SidebarGroupLabel","decl":{"start":{"line":394,"column":9},"end":{"line":394,"column":26}},"loc":{"start":{"line":398,"column":56},"end":{"line":413,"column":1}},"line":398},"22":{"name":"SidebarGroupAction","decl":{"start":{"line":415,"column":9},"end":{"line":415,"column":27}},"loc":{"start":{"line":419,"column":59},"end":{"line":436,"column":1}},"line":419},"23":{"name":"SidebarGroupContent","decl":{"start":{"line":438,"column":9},"end":{"line":438,"column":28}},"loc":{"start":{"line":441,"column":32},"end":{"line":450,"column":1}},"line":441},"24":{"name":"SidebarMenu","decl":{"start":{"line":452,"column":9},"end":{"line":452,"column":20}},"loc":{"start":{"line":452,"column":74},"end":{"line":461,"column":1}},"line":452},"25":{"name":"SidebarMenuItem","decl":{"start":{"line":463,"column":9},"end":{"line":463,"column":24}},"loc":{"start":{"line":463,"column":78},"end":{"line":472,"column":1}},"line":463},"26":{"name":"SidebarMenuButton","decl":{"start":{"line":496,"column":9},"end":{"line":496,"column":26}},"loc":{"start":{"line":508,"column":52},"end":{"line":544,"column":1}},"line":508},"27":{"name":"SidebarMenuAction","decl":{"start":{"line":546,"column":9},"end":{"line":546,"column":26}},"loc":{"start":{"line":554,"column":3},"end":{"line":576,"column":1}},"line":554},"28":{"name":"SidebarMenuBadge","decl":{"start":{"line":578,"column":9},"end":{"line":578,"column":25}},"loc":{"start":{"line":581,"column":32},"end":{"line":598,"column":1}},"line":581},"29":{"name":"SidebarMenuSkeleton","decl":{"start":{"line":600,"column":9},"end":{"line":600,"column":28}},"loc":{"start":{"line":606,"column":3},"end":{"line":636,"column":1}},"line":606},"30":{"name":"(anonymous_30)","decl":{"start":{"line":608,"column":30},"end":{"line":608,"column":31}},"loc":{"start":{"line":608,"column":36},"end":{"line":610,"column":3}},"line":608},"31":{"name":"SidebarMenuSub","decl":{"start":{"line":638,"column":9},"end":{"line":638,"column":23}},"loc":{"start":{"line":638,"column":77},"end":{"line":651,"column":1}},"line":638},"32":{"name":"SidebarMenuSubItem","decl":{"start":{"line":653,"column":9},"end":{"line":653,"column":27}},"loc":{"start":{"line":656,"column":31},"end":{"line":665,"column":1}},"line":656},"33":{"name":"SidebarMenuSubButton","decl":{"start":{"line":667,"column":9},"end":{"line":667,"column":29}},"loc":{"start":{"line":677,"column":3},"end":{"line":697,"column":1}},"line":677}},"branchMap":{"0":{"loc":{"start":{"line":47,"column":2},"end":{"line":49,"column":3}},"type":"if","locations":[{"start":{"line":47,"column":2},"end":{"line":49,"column":3}},{"start":{},"end":{}}],"line":47},"1":{"loc":{"start":{"line":55,"column":2},"end":{"line":55,"column":20}},"type":"default-arg","locations":[{"start":{"line":55,"column":16},"end":{"line":55,"column":20}}],"line":55},"2":{"loc":{"start":{"line":73,"column":15},"end":{"line":73,"column":32}},"type":"binary-expr","locations":[{"start":{"line":73,"column":15},"end":{"line":73,"column":23}},{"start":{"line":73,"column":27},"end":{"line":73,"column":32}}],"line":73},"3":{"loc":{"start":{"line":76,"column":24},"end":{"line":76,"column":73}},"type":"cond-expr","locations":[{"start":{"line":76,"column":54},"end":{"line":76,"column":65}},{"start":{"line":76,"column":68},"end":{"line":76,"column":73}}],"line":76},"4":{"loc":{"start":{"line":77,"column":6},"end":{"line":81,"column":7}},"type":"if","locations":[{"start":{"line":77,"column":6},"end":{"line":81,"column":7}},{"start":{"line":79,"column":13},"end":{"line":81,"column":7}}],"line":77},"5":{"loc":{"start":{"line":91,"column":11},"end":{"line":91,"column":79}},"type":"cond-expr","locations":[{"start":{"line":91,"column":22},"end":{"line":91,"column":52}},{"start":{"line":91,"column":55},"end":{"line":91,"column":79}}],"line":91},"6":{"loc":{"start":{"line":97,"column":6},"end":{"line":103,"column":7}},"type":"if","locations":[{"start":{"line":97,"column":6},"end":{"line":103,"column":7}},{"start":{},"end":{}}],"line":97},"7":{"loc":{"start":{"line":98,"column":8},"end":{"line":99,"column":40}},"type":"binary-expr","locations":[{"start":{"line":98,"column":8},"end":{"line":98,"column":47}},{"start":{"line":99,"column":9},"end":{"line":99,"column":22}},{"start":{"line":99,"column":26},"end":{"line":99,"column":39}}],"line":98},"8":{"loc":{"start":{"line":112,"column":16},"end":{"line":112,"column":47}},"type":"cond-expr","locations":[{"start":{"line":112,"column":23},"end":{"line":112,"column":33}},{"start":{"line":112,"column":36},"end":{"line":112,"column":47}}],"line":112},"9":{"loc":{"start":{"line":153,"column":2},"end":{"line":153,"column":15}},"type":"default-arg","locations":[{"start":{"line":153,"column":9},"end":{"line":153,"column":15}}],"line":153},"10":{"loc":{"start":{"line":154,"column":2},"end":{"line":154,"column":21}},"type":"default-arg","locations":[{"start":{"line":154,"column":12},"end":{"line":154,"column":21}}],"line":154},"11":{"loc":{"start":{"line":155,"column":2},"end":{"line":155,"column":27}},"type":"default-arg","locations":[{"start":{"line":155,"column":16},"end":{"line":155,"column":27}}],"line":155},"12":{"loc":{"start":{"line":166,"column":2},"end":{"line":179,"column":3}},"type":"if","locations":[{"start":{"line":166,"column":2},"end":{"line":179,"column":3}},{"start":{},"end":{}}],"line":166},"13":{"loc":{"start":{"line":181,"column":2},"end":{"line":204,"column":3}},"type":"if","locations":[{"start":{"line":181,"column":2},"end":{"line":204,"column":3}},{"start":{},"end":{}}],"line":181},"14":{"loc":{"start":{"line":210,"column":24},"end":{"line":210,"column":64}},"type":"cond-expr","locations":[{"start":{"line":210,"column":48},"end":{"line":210,"column":59}},{"start":{"line":210,"column":62},"end":{"line":210,"column":64}}],"line":210},"15":{"loc":{"start":{"line":222,"column":10},"end":{"line":224,"column":70}},"type":"cond-expr","locations":[{"start":{"line":223,"column":14},"end":{"line":223,"column":96}},{"start":{"line":224,"column":14},"end":{"line":224,"column":70}}],"line":222},"16":{"loc":{"start":{"line":222,"column":10},"end":{"line":222,"column":55}},"type":"binary-expr","locations":[{"start":{"line":222,"column":10},"end":{"line":222,"column":32}},{"start":{"line":222,"column":36},"end":{"line":222,"column":55}}],"line":222},"17":{"loc":{"start":{"line":231,"column":10},"end":{"line":233,"column":96}},"type":"cond-expr","locations":[{"start":{"line":232,"column":14},"end":{"line":232,"column":94}},{"start":{"line":233,"column":14},"end":{"line":233,"column":96}}],"line":231},"18":{"loc":{"start":{"line":235,"column":10},"end":{"line":237,"column":135}},"type":"cond-expr","locations":[{"start":{"line":236,"column":14},"end":{"line":236,"column":104}},{"start":{"line":237,"column":14},"end":{"line":237,"column":135}}],"line":235},"19":{"loc":{"start":{"line":235,"column":10},"end":{"line":235,"column":55}},"type":"binary-expr","locations":[{"start":{"line":235,"column":10},"end":{"line":235,"column":32}},{"start":{"line":235,"column":36},"end":{"line":235,"column":55}}],"line":235},"20":{"loc":{"start":{"line":396,"column":2},"end":{"line":396,"column":17}},"type":"default-arg","locations":[{"start":{"line":396,"column":12},"end":{"line":396,"column":17}}],"line":396},"21":{"loc":{"start":{"line":399,"column":15},"end":{"line":399,"column":37}},"type":"cond-expr","locations":[{"start":{"line":399,"column":25},"end":{"line":399,"column":29}},{"start":{"line":399,"column":32},"end":{"line":399,"column":37}}],"line":399},"22":{"loc":{"start":{"line":417,"column":2},"end":{"line":417,"column":17}},"type":"default-arg","locations":[{"start":{"line":417,"column":12},"end":{"line":417,"column":17}}],"line":417},"23":{"loc":{"start":{"line":420,"column":15},"end":{"line":420,"column":40}},"type":"cond-expr","locations":[{"start":{"line":420,"column":25},"end":{"line":420,"column":29}},{"start":{"line":420,"column":32},"end":{"line":420,"column":40}}],"line":420},"24":{"loc":{"start":{"line":497,"column":2},"end":{"line":497,"column":17}},"type":"default-arg","locations":[{"start":{"line":497,"column":12},"end":{"line":497,"column":17}}],"line":497},"25":{"loc":{"start":{"line":498,"column":2},"end":{"line":498,"column":18}},"type":"default-arg","locations":[{"start":{"line":498,"column":13},"end":{"line":498,"column":18}}],"line":498},"26":{"loc":{"start":{"line":499,"column":2},"end":{"line":499,"column":21}},"type":"default-arg","locations":[{"start":{"line":499,"column":12},"end":{"line":499,"column":21}}],"line":499},"27":{"loc":{"start":{"line":500,"column":2},"end":{"line":500,"column":18}},"type":"default-arg","locations":[{"start":{"line":500,"column":9},"end":{"line":500,"column":18}}],"line":500},"28":{"loc":{"start":{"line":509,"column":15},"end":{"line":509,"column":40}},"type":"cond-expr","locations":[{"start":{"line":509,"column":25},"end":{"line":509,"column":29}},{"start":{"line":509,"column":32},"end":{"line":509,"column":40}}],"line":509},"29":{"loc":{"start":{"line":523,"column":2},"end":{"line":525,"column":3}},"type":"if","locations":[{"start":{"line":523,"column":2},"end":{"line":525,"column":3}},{"start":{},"end":{}}],"line":523},"30":{"loc":{"start":{"line":527,"column":2},"end":{"line":531,"column":3}},"type":"if","locations":[{"start":{"line":527,"column":2},"end":{"line":531,"column":3}},{"start":{},"end":{}}],"line":527},"31":{"loc":{"start":{"line":539,"column":16},"end":{"line":539,"column":49}},"type":"binary-expr","locations":[{"start":{"line":539,"column":16},"end":{"line":539,"column":37}},{"start":{"line":539,"column":41},"end":{"line":539,"column":49}}],"line":539},"32":{"loc":{"start":{"line":548,"column":2},"end":{"line":548,"column":17}},"type":"default-arg","locations":[{"start":{"line":548,"column":12},"end":{"line":548,"column":17}}],"line":548},"33":{"loc":{"start":{"line":549,"column":2},"end":{"line":549,"column":21}},"type":"default-arg","locations":[{"start":{"line":549,"column":16},"end":{"line":549,"column":21}}],"line":549},"34":{"loc":{"start":{"line":555,"column":15},"end":{"line":555,"column":40}},"type":"cond-expr","locations":[{"start":{"line":555,"column":25},"end":{"line":555,"column":29}},{"start":{"line":555,"column":32},"end":{"line":555,"column":40}}],"line":555},"35":{"loc":{"start":{"line":569,"column":8},"end":{"line":570,"column":196}},"type":"binary-expr","locations":[{"start":{"line":569,"column":8},"end":{"line":569,"column":19}},{"start":{"line":570,"column":10},"end":{"line":570,"column":196}}],"line":569},"36":{"loc":{"start":{"line":602,"column":2},"end":{"line":602,"column":18}},"type":"default-arg","locations":[{"start":{"line":602,"column":13},"end":{"line":602,"column":18}}],"line":602},"37":{"loc":{"start":{"line":619,"column":7},"end":{"line":624,"column":7}},"type":"binary-expr","locations":[{"start":{"line":619,"column":7},"end":{"line":619,"column":15}},{"start":{"line":620,"column":8},"end":{"line":623,"column":10}}],"line":619},"38":{"loc":{"start":{"line":668,"column":2},"end":{"line":668,"column":17}},"type":"default-arg","locations":[{"start":{"line":668,"column":12},"end":{"line":668,"column":17}}],"line":668},"39":{"loc":{"start":{"line":669,"column":2},"end":{"line":669,"column":13}},"type":"default-arg","locations":[{"start":{"line":669,"column":9},"end":{"line":669,"column":13}}],"line":669},"40":{"loc":{"start":{"line":670,"column":2},"end":{"line":670,"column":18}},"type":"default-arg","locations":[{"start":{"line":670,"column":13},"end":{"line":670,"column":18}}],"line":670},"41":{"loc":{"start":{"line":678,"column":15},"end":{"line":678,"column":35}},"type":"cond-expr","locations":[{"start":{"line":678,"column":25},"end":{"line":678,"column":29}},{"start":{"line":678,"column":32},"end":{"line":678,"column":35}}],"line":678},"42":{"loc":{"start":{"line":689,"column":8},"end":{"line":689,"column":34}},"type":"binary-expr","locations":[{"start":{"line":689,"column":8},"end":{"line":689,"column":21}},{"start":{"line":689,"column":25},"end":{"line":689,"column":34}}],"line":689},"43":{"loc":{"start":{"line":690,"column":8},"end":{"line":690,"column":34}},"type":"binary-expr","locations":[{"start":{"line":690,"column":8},"end":{"line":690,"column":21}},{"start":{"line":690,"column":25},"end":{"line":690,"column":34}}],"line":690}},"s":{"0":1,"1":1,"2":1,"3":1,"4":1,"5":1,"6":1,"7":0,"8":0,"9":0,"10":0,"11":0,"12":0,"13":0,"14":0,"15":0,"16":0,"17":0,"18":0,"19":0,"20":0,"21":0,"22":0,"23":0,"24":0,"25":0,"26":0,"27":0,"28":0,"29":0,"30":0,"31":0,"32":0,"33":0,"34":0,"35":0,"36":0,"37":0,"38":0,"39":0,"40":0,"41":0,"42":0,"43":0,"44":0,"45":0,"46":0,"47":0,"48":0,"49":0,"50":0,"51":0,"52":0,"53":0,"54":0,"55":0,"56":0,"57":0,"58":0,"59":0,"60":0,"61":0,"62":0,"63":1,"64":0,"65":0,"66":0,"67":0,"68":0,"69":0,"70":0,"71":0,"72":0,"73":0,"74":0,"75":0,"76":0,"77":0,"78":0,"79":0,"80":0,"81":0},"f":{"0":0,"1":0,"2":0,"3":0,"4":0,"5":0,"6":0,"7":0,"8":0,"9":0,"10":0,"11":0,"12":0,"13":0,"14":0,"15":0,"16":0,"17":0,"18":0,"19":0,"20":0,"21":0,"22":0,"23":0,"24":0,"25":0,"26":0,"27":0,"28":0,"29":0,"30":0,"31":0,"32":0,"33":0},"b":{"0":[0,0],"1":[0],"2":[0,0],"3":[0,0],"4":[0,0],"5":[0,0],"6":[0,0],"7":[0,0,0],"8":[0,0],"9":[0],"10":[0],"11":[0],"12":[0,0],"13":[0,0],"14":[0,0],"15":[0,0],"16":[0,0],"17":[0,0],"18":[0,0],"19":[0,0],"20":[0],"21":[0,0],"22":[0],"23":[0,0],"24":[0],"25":[0],"26":[0],"27":[0],"28":[0,0],"29":[0,0],"30":[0,0],"31":[0,0],"32":[0],"33":[0],"34":[0,0],"35":[0,0],"36":[0],"37":[0,0],"38":[0],"39":[0],"40":[0],"41":[0,0],"42":[0,0],"43":[0,0]},"_coverageSchema":"1a1c01bbd47fc00a2c39e90264f33305004495a9","hash":"720a80b9eb99d32fa8ff478d65fc69ff4511dbf7"}
,"C:\\Users\\fabia\\OneDrive - UVG\\Documentos\\GitHub\\safechain-messenger\\frontend\\src\\components\\ui\\skeleton.tsx": {"path":"C:\\Users\\fabia\\OneDrive - UVG\\Documentos\\GitHub\\safechain-messenger\\frontend\\src\\components\\ui\\skeleton.tsx","statementMap":{"0":{"start":{"line":4,"column":2},"end":{"line":10,"column":3}}},"fnMap":{"0":{"name":"Skeleton","decl":{"start":{"line":3,"column":9},"end":{"line":3,"column":17}},"loc":{"start":{"line":3,"column":72},"end":{"line":11,"column":1}},"line":3}},"branchMap":{},"s":{"0":0},"f":{"0":0},"b":{},"_coverageSchema":"1a1c01bbd47fc00a2c39e90264f33305004495a9","hash":"c953b93d3b707b10f4b6c99eb486dbf44c8589b5"}
,"C:\\Users\\fabia\\OneDrive - UVG\\Documentos\\GitHub\\safechain-messenger\\frontend\\src\\components\\ui\\tooltip.tsx": {"path":"C:\\Users\\fabia\\OneDrive - UVG\\Documentos\\GitHub\\safechain-messenger\\frontend\\src\\components\\ui\\tooltip.tsx","statementMap":{"0":{"start":{"line":12,"column":2},"end":{"line":18,"column":3}},"1":{"start":{"line":24,"column":2},"end":{"line":28,"column":3}},"2":{"start":{"line":34,"column":2},"end":{"line":34,"column":76}},"3":{"start":{"line":43,"column":2},"end":{"line":58,"column":3}}},"fnMap":{"0":{"name":"TooltipProvider","decl":{"start":{"line":8,"column":9},"end":{"line":8,"column":24}},"loc":{"start":{"line":11,"column":59},"end":{"line":19,"column":1}},"line":11},"1":{"name":"Tooltip","decl":{"start":{"line":21,"column":9},"end":{"line":21,"column":16}},"loc":{"start":{"line":23,"column":55},"end":{"line":29,"column":1}},"line":23},"2":{"name":"TooltipTrigger","decl":{"start":{"line":31,"column":9},"end":{"line":31,"column":23}},"loc":{"start":{"line":33,"column":58},"end":{"line":35,"column":1}},"line":33},"3":{"name":"TooltipContent","decl":{"start":{"line":37,"column":9},"end":{"line":37,"column":23}},"loc":{"start":{"line":42,"column":58},"end":{"line":59,"column":1}},"line":42}},"branchMap":{"0":{"loc":{"start":{"line":9,"column":2},"end":{"line":9,"column":19}},"type":"default-arg","locations":[{"start":{"line":9,"column":18},"end":{"line":9,"column":19}}],"line":9},"1":{"loc":{"start":{"line":39,"column":2},"end":{"line":39,"column":16}},"type":"default-arg","locations":[{"start":{"line":39,"column":15},"end":{"line":39,"column":16}}],"line":39}},"s":{"0":0,"1":0,"2":0,"3":0},"f":{"0":0,"1":0,"2":0,"3":0},"b":{"0":[0],"1":[0]},"_coverageSchema":"1a1c01bbd47fc00a2c39e90264f33305004495a9","hash":"852ea62188bc1d53b204060048e685179378cd81"}
,"C:\\Users\\fabia\\OneDrive - UVG\\Documentos\\GitHub\\safechain-messenger\\frontend\\src\\hooks\\use-mobile.ts": {"path":"C:\\Users\\fabia\\OneDrive - UVG\\Documentos\\GitHub\\safechain-messenger\\frontend\\src\\hooks\\use-mobile.ts","statementMap":{"0":{"start":{"line":3,"column":26},"end":{"line":3,"column":29}},"1":{"start":{"line":6,"column":34},"end":{"line":6,"column":80}},"2":{"start":{"line":8,"column":2},"end":{"line":16,"column":8}},"3":{"start":{"line":9,"column":16},"end":{"line":9,"column":76}},"4":{"start":{"line":10,"column":21},"end":{"line":12,"column":5}},"5":{"start":{"line":11,"column":6},"end":{"line":11,"column":56}},"6":{"start":{"line":13,"column":4},"end":{"line":13,"column":44}},"7":{"start":{"line":14,"column":4},"end":{"line":14,"column":54}},"8":{"start":{"line":15,"column":4},"end":{"line":15,"column":60}},"9":{"start":{"line":15,"column":17},"end":{"line":15,"column":60}},"10":{"start":{"line":18,"column":2},"end":{"line":18,"column":19}}},"fnMap":{"0":{"name":"useIsMobile","decl":{"start":{"line":5,"column":16},"end":{"line":5,"column":27}},"loc":{"start":{"line":5,"column":30},"end":{"line":19,"column":1}},"line":5},"1":{"name":"(anonymous_1)","decl":{"start":{"line":8,"column":18},"end":{"line":8,"column":19}},"loc":{"start":{"line":8,"column":24},"end":{"line":16,"column":3}},"line":8},"2":{"name":"(anonymous_2)","decl":{"start":{"line":10,"column":21},"end":{"line":10,"column":22}},"loc":{"start":{"line":10,"column":27},"end":{"line":12,"column":5}},"line":10},"3":{"name":"(anonymous_3)","decl":{"start":{"line":15,"column":11},"end":{"line":15,"column":12}},"loc":{"start":{"line":15,"column":17},"end":{"line":15,"column":60}},"line":15}},"branchMap":{},"s":{"0":1,"1":0,"2":0,"3":0,"4":0,"5":0,"6":0,"7":0,"8":0,"9":0,"10":0},"f":{"0":0,"1":0,"2":0,"3":0},"b":{},"_coverageSchema":"1a1c01bbd47fc00a2c39e90264f33305004495a9","hash":"5e4c19f26af29aa96f4df0bbc3306d1f30589420"}
,"C:\\Users\\fabia\\OneDrive - UVG\\Documentos\\GitHub\\safechain-messenger\\frontend\\src\\lib\\utils.ts": {"path":"C:\\Users\\fabia\\OneDrive - UVG\\Documentos\\GitHub\\safechain-messenger\\frontend\\src\\lib\\utils.ts","statementMap":{"0":{"start":{"line":5,"column":2},"end":{"line":5,"column":30}},"1":{"start":{"line":9,"column":2},"end":{"line":9,"column":26}},"2":{"start":{"line":9,"column":14},"end":{"line":9,"column":26}},"3":{"start":{"line":10,"column":12},"end":{"line":10,"column":16}},"4":{"start":{"line":11,"column":13},"end":{"line":11,"column":14}},"5":{"start":{"line":12,"column":16},"end":{"line":12,"column":69}},"6":{"start":{"line":13,"column":12},"end":{"line":13,"column":53}},"7":{"start":{"line":14,"column":2},"end":{"line":14,"column":74}}},"fnMap":{"0":{"name":"cn","decl":{"start":{"line":4,"column":16},"end":{"line":4,"column":18}},"loc":{"start":{"line":4,"column":44},"end":{"line":6,"column":1}},"line":4},"1":{"name":"formatFileSize","decl":{"start":{"line":8,"column":16},"end":{"line":8,"column":30}},"loc":{"start":{"line":8,"column":47},"end":{"line":15,"column":1}},"line":8}},"branchMap":{"0":{"loc":{"start":{"line":9,"column":2},"end":{"line":9,"column":26}},"type":"if","locations":[{"start":{"line":9,"column":2},"end":{"line":9,"column":26}},{"start":{},"end":{}}],"line":9}},"s":{"0":0,"1":0,"2":0,"3":0,"4":0,"5":0,"6":0,"7":0},"f":{"0":0,"1":0},"b":{"0":[0,0]},"_coverageSchema":"1a1c01bbd47fc00a2c39e90264f33305004495a9","hash":"c3a19b3cc88fbe3b5f27c5929afc5713c08b49c7"}
}
