TN:
SF:src\App.jsx
FN:3,(anonymous_0)
FNF:1
FNH:1
FNDA:2,(anonymous_0)
DA:3,1
DA:4,2
LF:2
LH:2
BRF:0
BRH:0
end_of_record
TN:
SF:src\components\AppRouter.jsx
FN:13,(anonymous_0)
FNF:1
FNH:1
FNDA:1,(anonymous_0)
DA:13,1
DA:14,1
LF:2
LH:2
BRF:0
BRH:0
end_of_record
TN:
SF:src\components\app-sider.tsx
FN:10,AppSidebar
FNF:1
FNH:1
FNDA:1,AppSidebar
DA:11,1
LF:1
LH:1
BRF:0
BRH:0
end_of_record
TN:
SF:src\components\ui\button.tsx
FN:38,Button
FNF:1
FNH:0
FNDA:0,Button
DA:7,1
DA:48,0
DA:50,0
LF:3
LH:1
BRDA:42,0,0,0
BRDA:48,1,0,0
BRDA:48,1,1,0
BRF:3
BRH:0
end_of_record
TN:
SF:src\components\ui\input.tsx
FN:5,Input
FNF:1
FNH:0
FNDA:0,Input
DA:6,0
LF:1
LH:0
BRF:0
BRH:0
end_of_record
TN:
SF:src\components\ui\separator.tsx
FN:8,Separator
FNF:1
FNH:0
FNDA:0,Separator
DA:14,0
LF:1
LH:0
BRDA:10,0,0,0
BRDA:11,1,0,0
BRF:2
BRH:0
end_of_record
TN:
SF:src\components\ui\sheet.tsx
FN:7,Sheet
FN:11,SheetTrigger
FN:17,SheetClose
FN:23,SheetPortal
FN:29,SheetOverlay
FN:45,SheetContent
FN:82,SheetHeader
FN:92,SheetFooter
FN:102,SheetTitle
FN:115,SheetDescription
FNF:10
FNH:0
FNDA:0,Sheet
FNDA:0,SheetTrigger
FNDA:0,SheetClose
FNDA:0,SheetPortal
FNDA:0,SheetOverlay
FNDA:0,SheetContent
FNDA:0,SheetHeader
FNDA:0,SheetFooter
FNDA:0,SheetTitle
FNDA:0,SheetDescription
DA:8,0
DA:14,0
DA:20,0
DA:26,0
DA:33,0
DA:53,0
DA:83,0
DA:93,0
DA:106,0
DA:119,0
LF:10
LH:0
BRDA:48,0,0,0
BRDA:60,1,0,0
BRDA:60,1,1,0
BRDA:62,2,0,0
BRDA:62,2,1,0
BRDA:64,3,0,0
BRDA:64,3,1,0
BRDA:66,4,0,0
BRDA:66,4,1,0
BRF:9
BRH:0
end_of_record
TN:
SF:src\components\ui\sidebar.tsx
FN:45,useSidebar
FN:54,SidebarProvider
FN:75,(anonymous_2)
FN:90,(anonymous_3)
FN:91,(anonymous_4)
FN:91,(anonymous_5)
FN:95,(anonymous_6)
FN:96,(anonymous_7)
FN:107,(anonymous_8)
FN:115,(anonymous_9)
FN:152,Sidebar
FN:254,SidebarTrigger
FN:268,(anonymous_12)
FN:280,SidebarRail
FN:305,SidebarInset
FN:319,SidebarInput
FN:333,SidebarHeader
FN:344,SidebarFooter
FN:355,SidebarSeparator
FN:369,SidebarContent
FN:383,SidebarGroup
FN:394,SidebarGroupLabel
FN:415,SidebarGroupAction
FN:438,SidebarGroupContent
FN:452,SidebarMenu
FN:463,SidebarMenuItem
FN:496,SidebarMenuButton
FN:546,SidebarMenuAction
FN:578,SidebarMenuBadge
FN:600,SidebarMenuSkeleton
FN:608,(anonymous_30)
FN:638,SidebarMenuSub
FN:653,SidebarMenuSubItem
FN:667,SidebarMenuSubButton
FNF:34
FNH:0
FNDA:0,useSidebar
FNDA:0,SidebarProvider
FNDA:0,(anonymous_2)
FNDA:0,(anonymous_3)
FNDA:0,(anonymous_4)
FNDA:0,(anonymous_5)
FNDA:0,(anonymous_6)
FNDA:0,(anonymous_7)
FNDA:0,(anonymous_8)
FNDA:0,(anonymous_9)
FNDA:0,Sidebar
FNDA:0,SidebarTrigger
FNDA:0,(anonymous_12)
FNDA:0,SidebarRail
FNDA:0,SidebarInset
FNDA:0,SidebarInput
FNDA:0,SidebarHeader
FNDA:0,SidebarFooter
FNDA:0,SidebarSeparator
FNDA:0,SidebarContent
FNDA:0,SidebarGroup
FNDA:0,SidebarGroupLabel
FNDA:0,SidebarGroupAction
FNDA:0,SidebarGroupContent
FNDA:0,SidebarMenu
FNDA:0,SidebarMenuItem
FNDA:0,SidebarMenuButton
FNDA:0,SidebarMenuAction
FNDA:0,SidebarMenuBadge
FNDA:0,SidebarMenuSkeleton
FNDA:0,(anonymous_30)
FNDA:0,SidebarMenuSub
FNDA:0,SidebarMenuSubItem
FNDA:0,SidebarMenuSubButton
DA:26,1
DA:27,1
DA:28,1
DA:29,1
DA:30,1
DA:31,1
DA:43,1
DA:46,0
DA:47,0
DA:48,0
DA:51,0
DA:67,0
DA:68,0
DA:72,0
DA:73,0
DA:74,0
DA:76,0
DA:77,0
DA:78,0
DA:80,0
DA:84,0
DA:90,0
DA:91,0
DA:95,0
DA:96,0
DA:97,0
DA:101,0
DA:102,0
DA:106,0
DA:107,0
DA:112,0
DA:114,0
DA:115,0
DA:127,0
DA:164,0
DA:166,0
DA:167,0
DA:181,0
DA:182,0
DA:206,0
DA:259,0
DA:261,0
DA:269,0
DA:270,0
DA:281,0
DA:283,0
DA:306,0
DA:323,0
DA:334,0
DA:345,0
DA:359,0
DA:370,0
DA:384,0
DA:399,0
DA:401,0
DA:420,0
DA:422,0
DA:442,0
DA:453,0
DA:464,0
DA:474,1
DA:509,0
DA:510,0
DA:513,0
DA:523,0
DA:524,0
DA:527,0
DA:528,0
DA:533,0
DA:555,0
DA:557,0
DA:582,0
DA:608,0
DA:609,0
DA:612,0
DA:639,0
DA:657,0
DA:678,0
DA:680,0
LF:79
LH:8
BRDA:47,0,0,0
BRDA:47,0,1,0
BRDA:55,1,0,0
BRDA:73,2,0,0
BRDA:73,2,1,0
BRDA:76,3,0,0
BRDA:76,3,1,0
BRDA:77,4,0,0
BRDA:77,4,1,0
BRDA:91,5,0,0
BRDA:91,5,1,0
BRDA:97,6,0,0
BRDA:97,6,1,0
BRDA:98,7,0,0
BRDA:98,7,1,0
BRDA:98,7,2,0
BRDA:112,8,0,0
BRDA:112,8,1,0
BRDA:153,9,0,0
BRDA:154,10,0,0
BRDA:155,11,0,0
BRDA:166,12,0,0
BRDA:166,12,1,0
BRDA:181,13,0,0
BRDA:181,13,1,0
BRDA:210,14,0,0
BRDA:210,14,1,0
BRDA:222,15,0,0
BRDA:222,15,1,0
BRDA:222,16,0,0
BRDA:222,16,1,0
BRDA:231,17,0,0
BRDA:231,17,1,0
BRDA:235,18,0,0
BRDA:235,18,1,0
BRDA:235,19,0,0
BRDA:235,19,1,0
BRDA:396,20,0,0
BRDA:399,21,0,0
BRDA:399,21,1,0
BRDA:417,22,0,0
BRDA:420,23,0,0
BRDA:420,23,1,0
BRDA:497,24,0,0
BRDA:498,25,0,0
BRDA:499,26,0,0
BRDA:500,27,0,0
BRDA:509,28,0,0
BRDA:509,28,1,0
BRDA:523,29,0,0
BRDA:523,29,1,0
BRDA:527,30,0,0
BRDA:527,30,1,0
BRDA:539,31,0,0
BRDA:539,31,1,0
BRDA:548,32,0,0
BRDA:549,33,0,0
BRDA:555,34,0,0
BRDA:555,34,1,0
BRDA:569,35,0,0
BRDA:569,35,1,0
BRDA:602,36,0,0
BRDA:619,37,0,0
BRDA:619,37,1,0
BRDA:668,38,0,0
BRDA:669,39,0,0
BRDA:670,40,0,0
BRDA:678,41,0,0
BRDA:678,41,1,0
BRDA:689,42,0,0
BRDA:689,42,1,0
BRDA:690,43,0,0
BRDA:690,43,1,0
BRF:73
BRH:0
end_of_record
TN:
SF:src\components\ui\skeleton.tsx
FN:3,Skeleton
FNF:1
FNH:0
FNDA:0,Skeleton
DA:4,0
LF:1
LH:0
BRF:0
BRH:0
end_of_record
TN:
SF:src\components\ui\tooltip.tsx
FN:8,TooltipProvider
FN:21,Tooltip
FN:31,TooltipTrigger
FN:37,TooltipContent
FNF:4
FNH:0
FNDA:0,TooltipProvider
FNDA:0,Tooltip
FNDA:0,TooltipTrigger
FNDA:0,TooltipContent
DA:12,0
DA:24,0
DA:34,0
DA:43,0
LF:4
LH:0
BRDA:9,0,0,0
BRDA:39,1,0,0
BRF:2
BRH:0
end_of_record
TN:
SF:src\hooks\use-mobile.ts
FN:5,useIsMobile
FN:8,(anonymous_1)
FN:10,(anonymous_2)
FN:15,(anonymous_3)
FNF:4
FNH:0
FNDA:0,useIsMobile
FNDA:0,(anonymous_1)
FNDA:0,(anonymous_2)
FNDA:0,(anonymous_3)
DA:3,1
DA:6,0
DA:8,0
DA:9,0
DA:10,0
DA:11,0
DA:13,0
DA:14,0
DA:15,0
DA:18,0
LF:10
LH:1
BRF:0
BRH:0
end_of_record
TN:
SF:src\lib\utils.ts
FN:4,cn
FN:8,formatFileSize
FNF:2
FNH:0
FNDA:0,cn
FNDA:0,formatFileSize
DA:5,0
DA:9,0
DA:10,0
DA:11,0
DA:12,0
DA:13,0
DA:14,0
LF:7
LH:0
BRDA:9,0,0,0
BRDA:9,0,1,0
BRF:2
BRH:0
end_of_record
